<?xml version="1.0" encoding="UTF-8"?>
<!-- Generated by org.testng.reporters.JUnitXMLReporter -->
<testsuite ignored="0" hostname="PUNITP573378L" failures="0" tests="9" name="Surefire test" time="6.949" errors="0" timestamp="2023-10-05T12:29:10 IST">
  <testcase classname="com.infosys.TestRegistrationSuccessfull" name="testPostRegisterSuccessfulEndpoint" time="2.563"/>
  <testcase classname="com.jsonFile.RegisterUsersTest" name="registerUser" time="0.419"/>
  <testcase classname="com.jsonschemavalidation.JsonSchemaTest" name="schemaValidation" time="0.212"/>
  <testcase classname="com.newCode.TestRegisterAPI" name="registerAPITest" time="0.693"/>
  <testcase classname="com.newCode.TestRegisterAPI" name="registerAPITest" time="0.438"/>
  <testcase classname="com.newCode.TestRegisterAPI" name="registerAPITest" time="0.451"/>
  <testcase classname="com.pojoclasses.RegisterAPITest" name="testPostRegisterSuccessfulEndpoint" time="0.464"/>
  <testcase classname="com.pojoclasses.RegisterAPITest" name="testPostRegisterSuccessfulEndpoint" time="0.434"/>
  <testcase classname="com.pojoclasses.RegisterAPITest" name="testPostRegisterSuccessfulEndpoint" time="0.431"/>
</testsuite> <!-- Surefire test -->
